[debug] [2021-04-04T16:14:39.203Z] ----------------------------------------------------------------------
[debug] [2021-04-04T16:14:39.204Z] Command:       C:\Program Files\nodejs\node.exe C:\Users\HP\AppData\Roaming\npm\node_modules\firebase-tools\lib\bin\firebase.js init
[debug] [2021-04-04T16:14:39.205Z] CLI Version:   9.8.0
[debug] [2021-04-04T16:14:39.205Z] Platform:      win32
[debug] [2021-04-04T16:14:39.205Z] Node Version:  v12.16.2
[debug] [2021-04-04T16:14:39.206Z] Time:          Sun Apr 04 2021 21:44:39 GMT+0530 (India Standard Time)
[debug] [2021-04-04T16:14:39.206Z] ----------------------------------------------------------------------
[debug] 
[debug] [2021-04-04T16:14:39.211Z] > command requires scopes: ["email","openid","https://www.googleapis.com/auth/cloudplatformprojects.readonly","https://www.googleapis.com/auth/firebase","https://www.googleapis.com/auth/cloud-platform"]
[debug] [2021-04-04T16:14:39.211Z] > authorizing via signed-in user
[info] 
     ######## #### ########  ######## ########     ###     ######  ########
     ##        ##  ##     ## ##       ##     ##  ##   ##  ##       ##
     ######    ##  ########  ######   ########  #########  ######  ######
     ##        ##  ##    ##  ##       ##     ## ##     ##       ## ##
     ##       #### ##     ## ######## ########  ##     ##  ######  ########

You're about to initialize a Firebase project in this directory:

  D:\ME\WEBOPS\quizapp-tensors

[info] 
=== Project Setup
[info] 
[info] First, let's associate this project directory with a Firebase project.
[info] You can create multiple project aliases by running firebase use --add, 
[info] but for now we'll just set up a default project.
[info] 
[debug] [2021-04-04T16:14:58.621Z] > refreshing access token with scopes: []
[debug] [2021-04-04T16:14:58.622Z] >>> HTTP REQUEST POST https://www.googleapis.com/oauth2/v3/token  
 <request body omitted>
[debug] [2021-04-04T16:14:58.824Z] <<< HTTP RESPONSE 200 {"pragma":"no-cache","expires":"Mon, 01 Jan 1990 00:00:00 GMT","date":"Sun, 04 Apr 2021 16:15:14 GMT","cache-control":"no-cache, no-store, max-age=0, must-revalidate","content-type":"application/json; charset=utf-8","vary":"X-Origin, Referer, Origin,Accept-Encoding","server":"scaffolding on HTTPServer2","x-xss-protection":"0","x-frame-options":"SAMEORIGIN","x-content-type-options":"nosniff","alt-svc":"h3-29=\":443\"; ma=2592000,h3-T051=\":443\"; ma=2592000,h3-Q050=\":443\"; ma=2592000,h3-Q046=\":443\"; ma=2592000,h3-Q043=\":443\"; ma=2592000,quic=\":443\"; ma=2592000; v=\"46,43\"","accept-ranges":"none","transfer-encoding":"chunked"}
[debug] [2021-04-04T16:14:58.885Z] >>> [apiv2][query] GET https://firebase.googleapis.com/v1beta1/projects pageSize=100
[debug] [2021-04-04T16:14:59.479Z] <<< [apiv2][status] GET https://firebase.googleapis.com/v1beta1/projects 200
[debug] [2021-04-04T16:14:59.480Z] <<< [apiv2][body] GET https://firebase.googleapis.com/v1beta1/projects [omitted]
[info] i  Using project quizapp-tensors (quizapp-tensors) 
[info] 
=== Hosting Setup
[info] 
[info] Your public directory is the folder (relative to your project directory) that
[info] will contain Hosting assets to be uploaded with firebase deploy. If you
[info] have a build process for your assets, use your build's output directory.
[info] 
[debug] [2021-04-04T16:15:18.837Z] >>> [apiv2][query] GET https://www.gstatic.com/firebasejs/releases.json [none]
[debug] [2021-04-04T16:15:19.106Z] <<< [apiv2][status] GET https://www.gstatic.com/firebasejs/releases.json 200
[debug] [2021-04-04T16:15:19.106Z] <<< [apiv2][body] GET https://www.gstatic.com/firebasejs/releases.json {"current":{"version":"8.3.2","browserURL":"https://www.gstatic.com/firebasejs/8.3.2/firebase.js","packageURL":"https://www.gstatic.com/firebasejs/8.3.2/firebase.tgz"},"live":{"version":"8.3","browserURL":"https://www.gstatic.com/firebasejs/live/8.3/firebase.js","packageURL":"https://www.gstatic.com/firebasejs/live/8.3/firebase.tgz"},"components":{"analytics":"https://www.gstatic.com/firebasejs/8.3.2/firebase-analytics.js","app":"https://www.gstatic.com/firebasejs/8.3.2/firebase-app.js","auth":"https://www.gstatic.com/firebasejs/8.3.2/firebase-auth.js","database":"https://www.gstatic.com/firebasejs/8.3.2/firebase-database.js","firestore":"https://www.gstatic.com/firebasejs/8.3.2/firebase-firestore.js","functions":"https://www.gstatic.com/firebasejs/8.3.2/firebase-functions.js","installations":"https://www.gstatic.com/firebasejs/8.3.2/firebase-installations.js","messaging":"https://www.gstatic.com/firebasejs/8.3.2/firebase-messaging.js","storage":"https://www.gstatic.com/firebasejs/8.3.2/firebase-storage.js","performance":"https://www.gstatic.com/firebasejs/8.3.2/firebase-performance.js","remote-config":"https://www.gstatic.com/firebasejs/8.3.2/firebase-remote-config.js","firestore.memory":"https://www.gstatic.com/firebasejs/8.3.2/firebase-firestore.memory.js"}}
[info] +  Wrote public/index.html 
[info] 
[info] i  Didn't detect a .git folder. Assuming D:\ME\WEBOPS\quizapp-tensors is the project root. 
[info] i  Authorizing with GitHub to upload your service account to a GitHub repository's secrets store. 
[info] 
[info] Visit this URL on this device to log in:
[info] https://github.com/login/oauth/authorize?client_id=89cf50f02ac6aaed3484&state=461500728&redirect_uri=http%3A%2F%2Flocalhost%3A9005&scope=read%3Auser%20repo%20public_repo
[info] 
[info] Waiting for authentication...
[debug] [2021-04-04T16:15:38.576Z] >>> HTTP REQUEST POST https://github.com/login/oauth/access_token  
 {"client_id":"89cf50f02ac6aaed3484","client_secret":"3330d14abc895d9a74d5f17cd7a00711fa2c5bf0","code":"28010534136e074d34e5","redirect_uri":"http://localhost:9005","state":"461500728"}
[debug] [2021-04-04T16:15:38.999Z] <<< HTTP RESPONSE 200 {"server":"GitHub.com","date":"Sun, 04 Apr 2021 16:15:54 GMT","content-type":"application/json; charset=utf-8","transfer-encoding":"chunked","vary":"X-PJAX, Accept-Encoding, Accept, X-Requested-With","etag":"W/\"b6c1033a5927dafdb38fc44799e1257f\"","cache-control":"max-age=0, private, must-revalidate","strict-transport-security":"max-age=31536000; includeSubdomains; preload","x-frame-options":"deny","x-content-type-options":"nosniff","x-xss-protection":"0","referrer-policy":"origin-when-cross-origin, strict-origin-when-cross-origin","expect-ct":"max-age=2592000, report-uri=\"https://api.github.com/_private/browser/errors\"","content-security-policy":"default-src 'none'; base-uri 'self'; block-all-mixed-content; connect-src 'self' uploads.github.com www.githubstatus.com collector.githubapp.com api.github.com github-cloud.s3.amazonaws.com github-production-repository-file-5c1aeb.s3.amazonaws.com github-production-upload-manifest-file-7fdce7.s3.amazonaws.com github-production-user-asset-6210df.s3.amazonaws.com cdn.optimizely.com logx.optimizely.com/v1/events wss://alive.github.com; font-src github.githubassets.com; form-action 'self' github.com gist.github.com; frame-ancestors 'none'; frame-src render.githubusercontent.com; img-src 'self' data: github.githubassets.com identicons.github.com collector.githubapp.com github-cloud.s3.amazonaws.com secured-user-images.githubusercontent.com/ *.githubusercontent.com; manifest-src 'self'; media-src 'none'; script-src github.githubassets.com; style-src 'unsafe-inline' github.githubassets.com; worker-src github.com/socket-worker-3f088aa2.js gist.github.com/socket-worker-3f088aa2.js","x-github-request-id":"5359:7FFB:9F8BD1:B1ADB1:6069E63A"}
[debug] [2021-04-04T16:15:39.059Z] >>> [apiv2][query] GET https://api.github.com/user [none]
[debug] [2021-04-04T16:15:39.515Z] <<< [apiv2][status] GET https://api.github.com/user 200
[debug] [2021-04-04T16:15:39.515Z] <<< [apiv2][body] GET https://api.github.com/user {"login":"hadi-pv","id":64407435,"node_id":"MDQ6VXNlcjY0NDA3NDM1","avatar_url":"https://avatars.githubusercontent.com/u/64407435?v=4","gravatar_id":"","url":"https://api.github.com/users/hadi-pv","html_url":"https://github.com/hadi-pv","followers_url":"https://api.github.com/users/hadi-pv/followers","following_url":"https://api.github.com/users/hadi-pv/following{/other_user}","gists_url":"https://api.github.com/users/hadi-pv/gists{/gist_id}","starred_url":"https://api.github.com/users/hadi-pv/starred{/owner}{/repo}","subscriptions_url":"https://api.github.com/users/hadi-pv/subscriptions","organizations_url":"https://api.github.com/users/hadi-pv/orgs","repos_url":"https://api.github.com/users/hadi-pv/repos","events_url":"https://api.github.com/users/hadi-pv/events{/privacy}","received_events_url":"https://api.github.com/users/hadi-pv/received_events","type":"User","site_admin":false,"name":null,"company":null,"blog":"","location":null,"email":null,"hireable":null,"bio":null,"twitter_username":null,"public_repos":6,"public_gists":0,"followers":0,"following":1,"created_at":"2020-04-27T09:39:46Z","updated_at":"2021-04-04T16:15:53Z","private_gists":0,"total_private_repos":2,"owned_private_repos":2,"disk_usage":15449,"collaborators":0,"two_factor_authentication":false,"plan":{"name":"free","space":976562499,"collaborators":0,"private_repos":10000}}
[info] 
[info] +  Success! Logged into GitHub as hadi-pv 
[info] 
[debug] [2021-04-04T16:16:28.929Z] >>> [apiv2][query] GET https://api.github.com/repos//actions/secrets/public-key type=owner
[debug] [2021-04-04T16:16:29.382Z] <<< [apiv2][status] GET https://api.github.com/repos//actions/secrets/public-key 404
[debug] [2021-04-04T16:16:29.382Z] <<< [apiv2][body] GET https://api.github.com/repos//actions/secrets/public-key {"message":"Not Found","documentation_url":"https://docs.github.com/rest"}
[debug] [2021-04-04T16:21:11.391Z] >>> [apiv2][query] GET https://api.github.com/repos/hadi-pv/quizapp-tensors.git/actions/secrets/public-key type=owner
[debug] [2021-04-04T16:21:12.310Z] <<< [apiv2][status] GET https://api.github.com/repos/hadi-pv/quizapp-tensors.git/actions/secrets/public-key 404
[debug] [2021-04-04T16:21:12.311Z] <<< [apiv2][body] GET https://api.github.com/repos/hadi-pv/quizapp-tensors.git/actions/secrets/public-key {"message":"Not Found","documentation_url":"https://docs.github.com/rest/reference/actions#get-a-repository-public-key"}
